Starting DIDP evaluation on all problem instances...
This may take some time...


============================================================
Processing: small/chain_3.yaml
============================================================
Initial makespan (no refinement): 7.295000

Running DIDP on problems/small/chain_3.yaml...
Optimal makespan: 10.580000
Solve time: 0.06s
Improvement: -3.285000 (-45.03%)

============================================================
Processing: small/chain_4.yaml
============================================================
Initial makespan (no refinement): 10.261920

Running DIDP on problems/small/chain_4.yaml...

============================================================
Processing: small/high_risk_4.yaml
============================================================
Initial makespan (no refinement): 5.000000

Running DIDP on problems/small/high_risk_4.yaml...
Optimal makespan: 8.179000
Solve time: 0.04s
Improvement: -3.179000 (-63.58%)

============================================================
Processing: small/mixed_4.yaml
============================================================
Initial makespan (no refinement): 5.950000

Running DIDP on problems/small/mixed_4.yaml...
Optimal makespan: 11.310000
Solve time: 0.03s
Improvement: -5.360000 (-90.08%)

============================================================
Processing: small/parallel_3.yaml
============================================================
Initial makespan (no refinement): 5.000000

Running DIDP on problems/small/parallel_3.yaml...
Optimal makespan: 10.270000
Solve time: 0.03s
Improvement: -5.270000 (-105.40%)

============================================================
Processing: small/varied_durations_5.yaml
============================================================
Initial makespan (no refinement): 15.000000

Running DIDP on problems/small/varied_durations_5.yaml...
Optimal makespan: 27.966320
Solve time: 0.13s
Improvement: -12.966320 (-86.44%)

============================================================
Processing: medium/chain_6.yaml
============================================================
Initial makespan (no refinement): 16.252904

Running DIDP on problems/medium/chain_6.yaml...

============================================================
Processing: medium/dag_7.yaml
============================================================
Initial makespan (no refinement): 8.300025

Running DIDP on problems/medium/dag_7.yaml...
Optimal makespan: 15.180522
Solve time: 121.75s
Improvement: -6.880497 (-82.90%)

============================================================
Processing: medium/mixed_8.yaml
============================================================
Initial makespan (no refinement): 10.421967

Running DIDP on problems/medium/mixed_8.yaml...

============================================================
Processing: medium/parallel_6.yaml
============================================================
Initial makespan (no refinement): 6.000000

Running DIDP on problems/medium/parallel_6.yaml...

============================================================
Processing: medium/sparse_10.yaml
============================================================
Initial makespan (no refinement): 7.797924

Running DIDP on problems/medium/sparse_10.yaml...
Timeout expired for problems/medium/sparse_10.yaml

============================================================
Processing: large/chain_12.yaml
============================================================
Initial makespan (no refinement): 16.533472

Running DIDP on problems/large/chain_12.yaml...

============================================================
Processing: large/mixed_20.yaml
============================================================
Initial makespan (no refinement): 6.939879

Running DIDP on problems/large/mixed_20.yaml...
Warning: Could not extract makespan from output

============================================================
Processing: large/parallel_15.yaml
============================================================
Initial makespan (no refinement): 6.000000

Running DIDP on problems/large/parallel_15.yaml...
Warning: Could not extract makespan from output

============================================================
Generating report...
============================================================

Report saved to: DIDP_RESULTS.md

Done!
